/data/home/kshitiz16051/.local/lib/python3.5/site-packages/torch/nn/functional.py:52: UserWarning: size_average and reduce args will be deprecated, please use reduction='none' instead.
  warnings.warn(warning.format(ret))
Process Process-8:
Traceback (most recent call last):
  File "/usr/lib/python3.5/multiprocessing/process.py", line 249, in _bootstrap
    self.run()
  File "/usr/lib/python3.5/multiprocessing/process.py", line 93, in run
    self._target(*self._args, **self._kwargs)
  File "/data/home/kshitiz16051/.local/lib/python3.5/site-packages/torch/utils/data/dataloader.py", line 106, in _worker_loop
    samples = collate_fn([dataset[i] for i in batch_indices])
  File "/data/home/kshitiz16051/.local/lib/python3.5/site-packages/torch/utils/data/dataloader.py", line 106, in <listcomp>
    samples = collate_fn([dataset[i] for i in batch_indices])
  File "/NewDrive/Kshitiz/temp/newIngr/hello/inversecooking-master/src/data_loader.py", line 97, in __getitem__
    label_idx = self.ingrs_vocab(label)
  File "/NewDrive/Kshitiz/temp/newIngr/hello/inversecooking-master/src/build_vocab.py", line 41, in __call__
    return self.word2idx[word]
KeyboardInterrupt
Process Process-5:
Traceback (most recent call last):
  File "/usr/lib/python3.5/multiprocessing/process.py", line 249, in _bootstrap
    self.run()
  File "/usr/lib/python3.5/multiprocessing/process.py", line 93, in run
    self._target(*self._args, **self._kwargs)
  File "/data/home/kshitiz16051/.local/lib/python3.5/site-packages/torch/utils/data/dataloader.py", line 96, in _worker_loop
    r = index_queue.get(timeout=MANAGER_STATUS_CHECK_INTERVAL)
  File "/usr/lib/python3.5/multiprocessing/queues.py", line 104, in get
    if timeout < 0 or not self._poll(timeout):
  File "/usr/lib/python3.5/multiprocessing/connection.py", line 257, in poll
    return self._poll(timeout)
  File "/usr/lib/python3.5/multiprocessing/connection.py", line 414, in _poll
    r = wait([self], timeout)
  File "/usr/lib/python3.5/multiprocessing/connection.py", line 911, in wait
    ready = selector.select(timeout)
  File "/usr/lib/python3.5/selectors.py", line 376, in select
    fd_event_list = self._poll.poll(timeout)
KeyboardInterrupt
Process Process-4:
Traceback (most recent call last):
  File "/usr/lib/python3.5/multiprocessing/process.py", line 249, in _bootstrap
    self.run()
  File "/usr/lib/python3.5/multiprocessing/process.py", line 93, in run
    self._target(*self._args, **self._kwargs)
  File "/data/home/kshitiz16051/.local/lib/python3.5/site-packages/torch/utils/data/dataloader.py", line 96, in _worker_loop
    r = index_queue.get(timeout=MANAGER_STATUS_CHECK_INTERVAL)
  File "/usr/lib/python3.5/multiprocessing/queues.py", line 104, in get
    if timeout < 0 or not self._poll(timeout):
  File "/usr/lib/python3.5/multiprocessing/connection.py", line 257, in poll
    return self._poll(timeout)
  File "/usr/lib/python3.5/multiprocessing/connection.py", line 414, in _poll
    r = wait([self], timeout)
  File "/usr/lib/python3.5/multiprocessing/connection.py", line 911, in wait
    ready = selector.select(timeout)
  File "/usr/lib/python3.5/selectors.py", line 376, in select
    fd_event_list = self._poll.poll(timeout)
KeyboardInterrupt
Process Process-6:
Traceback (most recent call last):
  File "/usr/lib/python3.5/multiprocessing/process.py", line 249, in _bootstrap
    self.run()
  File "/usr/lib/python3.5/multiprocessing/process.py", line 93, in run
    self._target(*self._args, **self._kwargs)
  File "/data/home/kshitiz16051/.local/lib/python3.5/site-packages/torch/utils/data/dataloader.py", line 96, in _worker_loop
    r = index_queue.get(timeout=MANAGER_STATUS_CHECK_INTERVAL)
  File "/usr/lib/python3.5/multiprocessing/queues.py", line 104, in get
    if timeout < 0 or not self._poll(timeout):
  File "/usr/lib/python3.5/multiprocessing/connection.py", line 257, in poll
    return self._poll(timeout)
  File "/usr/lib/python3.5/multiprocessing/connection.py", line 414, in _poll
    r = wait([self], timeout)
  File "/usr/lib/python3.5/multiprocessing/connection.py", line 911, in wait
    ready = selector.select(timeout)
  File "/usr/lib/python3.5/selectors.py", line 376, in select
    fd_event_list = self._poll.poll(timeout)
KeyboardInterrupt
Process Process-7:
Traceback (most recent call last):
  File "/usr/lib/python3.5/multiprocessing/process.py", line 249, in _bootstrap
    self.run()
  File "/usr/lib/python3.5/multiprocessing/process.py", line 93, in run
    self._target(*self._args, **self._kwargs)
  File "/data/home/kshitiz16051/.local/lib/python3.5/site-packages/torch/utils/data/dataloader.py", line 96, in _worker_loop
    r = index_queue.get(timeout=MANAGER_STATUS_CHECK_INTERVAL)
  File "/usr/lib/python3.5/multiprocessing/queues.py", line 104, in get
    if timeout < 0 or not self._poll(timeout):
  File "/usr/lib/python3.5/multiprocessing/connection.py", line 257, in poll
    return self._poll(timeout)
  File "/usr/lib/python3.5/multiprocessing/connection.py", line 414, in _poll
    r = wait([self], timeout)
  File "/usr/lib/python3.5/multiprocessing/connection.py", line 911, in wait
    ready = selector.select(timeout)
  File "/usr/lib/python3.5/selectors.py", line 376, in select
    fd_event_list = self._poll.poll(timeout)
KeyboardInterrupt
Process Process-3:
Traceback (most recent call last):
  File "/usr/lib/python3.5/multiprocessing/process.py", line 249, in _bootstrap
    self.run()
  File "/usr/lib/python3.5/multiprocessing/process.py", line 93, in run
    self._target(*self._args, **self._kwargs)
  File "/data/home/kshitiz16051/.local/lib/python3.5/site-packages/torch/utils/data/dataloader.py", line 96, in _worker_loop
    r = index_queue.get(timeout=MANAGER_STATUS_CHECK_INTERVAL)
  File "/usr/lib/python3.5/multiprocessing/queues.py", line 104, in get
    if timeout < 0 or not self._poll(timeout):
  File "/usr/lib/python3.5/multiprocessing/connection.py", line 257, in poll
    return self._poll(timeout)
  File "/usr/lib/python3.5/multiprocessing/connection.py", line 414, in _poll
    r = wait([self], timeout)
  File "/usr/lib/python3.5/multiprocessing/connection.py", line 911, in wait
    ready = selector.select(timeout)
  File "/usr/lib/python3.5/selectors.py", line 376, in select
    fd_event_list = self._poll.poll(timeout)
KeyboardInterrupt
Process Process-2:
Traceback (most recent call last):
  File "/usr/lib/python3.5/multiprocessing/process.py", line 249, in _bootstrap
    self.run()
  File "/usr/lib/python3.5/multiprocessing/process.py", line 93, in run
    self._target(*self._args, **self._kwargs)
  File "/data/home/kshitiz16051/.local/lib/python3.5/site-packages/torch/utils/data/dataloader.py", line 96, in _worker_loop
    r = index_queue.get(timeout=MANAGER_STATUS_CHECK_INTERVAL)
  File "/usr/lib/python3.5/multiprocessing/queues.py", line 104, in get
    if timeout < 0 or not self._poll(timeout):
  File "/usr/lib/python3.5/multiprocessing/connection.py", line 257, in poll
    return self._poll(timeout)
  File "/usr/lib/python3.5/multiprocessing/connection.py", line 414, in _poll
    r = wait([self], timeout)
  File "/usr/lib/python3.5/multiprocessing/connection.py", line 911, in wait
    ready = selector.select(timeout)
  File "/usr/lib/python3.5/selectors.py", line 376, in select
    fd_event_list = self._poll.poll(timeout)
KeyboardInterrupt
Process Process-1:
Traceback (most recent call last):
  File "/usr/lib/python3.5/multiprocessing/process.py", line 249, in _bootstrap
    self.run()
  File "/usr/lib/python3.5/multiprocessing/process.py", line 93, in run
    self._target(*self._args, **self._kwargs)
  File "/data/home/kshitiz16051/.local/lib/python3.5/site-packages/torch/utils/data/dataloader.py", line 110, in _worker_loop
    data_queue.put((idx, samples))
  File "/usr/lib/python3.5/multiprocessing/queues.py", line 349, in put
    obj = ForkingPickler.dumps(obj)
  File "/usr/lib/python3.5/multiprocessing/reduction.py", line 50, in dumps
    cls(buf, protocol).dump(obj)
  File "/data/home/kshitiz16051/.local/lib/python3.5/site-packages/torch/multiprocessing/reductions.py", line 203, in reduce_storage
    shared_cache[cache_key] = storage._weak_ref(StorageRef)
  File "/data/home/kshitiz16051/.local/lib/python3.5/site-packages/torch/multiprocessing/reductions.py", line 23, in __init__
    self.cdata = ptr
KeyboardInterrupt
Exception in thread Thread-2:
Traceback (most recent call last):
  File "/usr/lib/python3.5/threading.py", line 914, in _bootstrap_inner
    self.run()
  File "/usr/lib/python3.5/threading.py", line 862, in run
    self._target(*self._args, **self._kwargs)
  File "/data/home/kshitiz16051/.local/lib/python3.5/site-packages/torch/utils/data/dataloader.py", line 120, in _worker_manager_loop
    r = in_queue.get()
  File "/usr/lib/python3.5/multiprocessing/queues.py", line 345, in get
    return ForkingPickler.loads(res)
  File "/data/home/kshitiz16051/.local/lib/python3.5/site-packages/torch/multiprocessing/reductions.py", line 151, in rebuild_storage_fd
    fd = df.detach()
  File "/usr/lib/python3.5/multiprocessing/resource_sharer.py", line 57, in detach
    with _resource_sharer.get_connection(self._id) as conn:
  File "/usr/lib/python3.5/multiprocessing/resource_sharer.py", line 87, in get_connection
    c = Client(address, authkey=process.current_process().authkey)
  File "/usr/lib/python3.5/multiprocessing/connection.py", line 487, in Client
    c = SocketClient(address)
  File "/usr/lib/python3.5/multiprocessing/connection.py", line 614, in SocketClient
    s.connect(address)
FileNotFoundError: [Errno 2] No such file or directory

Traceback (most recent call last):
  File "train.py", line 410, in <module>
    main(args)
  File "train.py", line 290, in main
    keep_cnn_gradients=keep_cnn_gradients)
  File "/data/home/kshitiz16051/.local/lib/python3.5/site-packages/torch/nn/modules/module.py", line 477, in __call__
    result = self.forward(*input, **kwargs)
  File "/data/home/kshitiz16051/.local/lib/python3.5/site-packages/torch/nn/parallel/data_parallel.py", line 119, in forward
    inputs, kwargs = self.scatter(inputs, kwargs, self.device_ids)
  File "/data/home/kshitiz16051/.local/lib/python3.5/site-packages/torch/nn/parallel/data_parallel.py", line 130, in scatter
    return scatter_kwargs(inputs, kwargs, device_ids, dim=self.dim)
  File "/data/home/kshitiz16051/.local/lib/python3.5/site-packages/torch/nn/parallel/scatter_gather.py", line 35, in scatter_kwargs
    inputs = scatter(inputs, target_gpus, dim) if inputs else []
  File "/data/home/kshitiz16051/.local/lib/python3.5/site-packages/torch/nn/parallel/scatter_gather.py", line 28, in scatter
    return scatter_map(inputs)
  File "/data/home/kshitiz16051/.local/lib/python3.5/site-packages/torch/nn/parallel/scatter_gather.py", line 15, in scatter_map
    return list(zip(*map(scatter_map, obj)))
  File "/data/home/kshitiz16051/.local/lib/python3.5/site-packages/torch/nn/parallel/scatter_gather.py", line 13, in scatter_map
    return Scatter.apply(target_gpus, None, dim, obj)
  File "/data/home/kshitiz16051/.local/lib/python3.5/site-packages/torch/nn/parallel/_functions.py", line 87, in forward
    outputs = comm.scatter(input, ctx.target_gpus, ctx.chunk_sizes, ctx.dim, streams)
  File "/data/home/kshitiz16051/.local/lib/python3.5/site-packages/torch/cuda/comm.py", line 142, in scatter
    return tuple(torch._C._scatter(tensor, devices, chunk_sizes, dim, streams))
KeyboardInterrupt
